# JRE version: Java(TM) SE Runtime Environment (8.0_111-b14) (build 1.8.0_111-b14)
# Java VM: Java HotSpot(TM) 64-Bit Server VM (25.111-b14 mixed mode windows-amd64 compressed oops)
Heap:
 PSYoungGen      total 276480K, used 7815K [0x00000000eb400000, 0x00000000fd700000, 0x0000000100000000)
  eden space 268288K, 0% used [0x00000000eb400000,0x00000000eb400000,0x00000000fba00000)
  from space 8192K, 95% used [0x00000000fcf00000,0x00000000fd6a1f18,0x00000000fd700000)
  to   space 14848K, 0% used [0x00000000fba00000,0x00000000fba00000,0x00000000fc880000)
 ParOldGen       total 51712K, used 32574K [0x00000000c1c00000, 0x00000000c4e80000, 0x00000000eb400000)
  object space 51712K, 62% used [0x00000000c1c00000,0x00000000c3bcfbb8,0x00000000c4e80000)
 Metaspace       used 50262K, capacity 51464K, committed 51672K, reserved 1097728K
  class space    used 6916K, capacity 7263K, committed 7384K, reserved 1048576K
GC Heap History (10 events):
Event: 22.434 GC heap before
{Heap before GC invocations=9 (full 1):
 PSYoungGen      total 73728K, used 65024K [0x00000000eb400000, 0x00000000f4400000, 0x0000000100000000)
  eden space 65024K, 100% used [0x00000000eb400000,0x00000000ef380000,0x00000000ef380000)
  from space 8704K, 0% used [0x00000000ef380000,0x00000000ef380000,0x00000000efc00000)
  to   space 8704K, 0% used [0x00000000f3b80000,0x00000000f3b80000,0x00000000f4400000)
 ParOldGen       total 31744K, used 9013K [0x00000000c1c00000, 0x00000000c3b00000, 0x00000000eb400000)
  object space 31744K, 28% used [0x00000000c1c00000,0x00000000c24cd780,0x00000000c3b00000)
 Metaspace       used 26461K, capacity 26864K, committed 27264K, reserved 1073152K
  class space    used 3722K, capacity 3892K, committed 3968K, reserved 1048576K
Event: 22.451 GC heap after
Heap after GC invocations=9 (full 1):
 PSYoungGen      total 130560K, used 6421K [0x00000000eb400000, 0x00000000f4200000, 0x0000000100000000)
  eden space 123904K, 0% used [0x00000000eb400000,0x00000000eb400000,0x00000000f2d00000)
  from space 6656K, 96% used [0x00000000f3b80000,0x00000000f41c5400,0x00000000f4200000)
  to   space 8704K, 0% used [0x00000000f3100000,0x00000000f3100000,0x00000000f3980000)
 ParOldGen       total 31744K, used 9021K [0x00000000c1c00000, 0x00000000c3b00000, 0x00000000eb400000)
  object space 31744K, 28% used [0x00000000c1c00000,0x00000000c24cf780,0x00000000c3b00000)
 Metaspace       used 26461K, capacity 26864K, committed 27264K, reserved 1073152K
  class space    used 3722K, capacity 3892K, committed 3968K, reserved 1048576K
}
Event: 27.412 GC heap before
{Heap before GC invocations=10 (full 1):
 PSYoungGen      total 130560K, used 130325K [0x00000000eb400000, 0x00000000f4200000, 0x0000000100000000)
  eden space 123904K, 100% used [0x00000000eb400000,0x00000000f2d00000,0x00000000f2d00000)
  from space 6656K, 96% used [0x00000000f3b80000,0x00000000f41c5400,0x00000000f4200000)
  to   space 8704K, 0% used [0x00000000f3100000,0x00000000f3100000,0x00000000f3980000)
 ParOldGen       total 31744K, used 9021K [0x00000000c1c00000, 0x00000000c3b00000, 0x00000000eb400000)
  object space 31744K, 28% used [0x00000000c1c00000,0x00000000c24cf780,0x00000000c3b00000)
 Metaspace       used 34124K, capacity 34636K, committed 35072K, reserved 1079296K
  class space    used 4680K, capacity 4816K, committed 4864K, reserved 1048576K
Event: 27.452 GC heap after
Heap after GC invocations=10 (full 1):
 PSYoungGen      total 136704K, used 8674K [0x00000000eb400000, 0x00000000f8500000, 0x0000000100000000)
  eden space 128000K, 0% used [0x00000000eb400000,0x00000000eb400000,0x00000000f3100000)
  from space 8704K, 99% used [0x00000000f3100000,0x00000000f3978a98,0x00000000f3980000)
  to   space 12288K, 0% used [0x00000000f7900000,0x00000000f7900000,0x00000000f8500000)
 ParOldGen       total 31744K, used 14561K [0x00000000c1c00000, 0x00000000c3b00000, 0x00000000eb400000)
  object space 31744K, 45% used [0x00000000c1c00000,0x00000000c2a38760,0x00000000c3b00000)
 Metaspace       used 34124K, capacity 34636K, committed 35072K, reserved 1079296K
  class space    used 4680K, capacity 4816K, committed 4864K, reserved 1048576K
}
Event: 27.957 GC heap before
{Heap before GC invocations=11 (full 1):
 PSYoungGen      total 136704K, used 31651K [0x00000000eb400000, 0x00000000f8500000, 0x0000000100000000)
  eden space 128000K, 17% used [0x00000000eb400000,0x00000000eca702f0,0x00000000f3100000)
  from space 8704K, 99% used [0x00000000f3100000,0x00000000f3978a98,0x00000000f3980000)
  to   space 12288K, 0% used [0x00000000f7900000,0x00000000f7900000,0x00000000f8500000)
 ParOldGen       total 31744K, used 14561K [0x00000000c1c00000, 0x00000000c3b00000, 0x00000000eb400000)
  object space 31744K, 45% used [0x00000000c1c00000,0x00000000c2a38760,0x00000000c3b00000)
 Metaspace       used 34510K, capacity 35106K, committed 35416K, reserved 1079296K
  class space    used 4749K, capacity 4930K, committed 4952K, reserved 1048576K
Event: 28.041 GC heap after
Heap after GC invocations=11 (full 1):
 PSYoungGen      total 201216K, used 9574K [0x00000000eb400000, 0x00000000f8c80000, 0x0000000100000000)
  eden space 188928K, 0% used [0x00000000eb400000,0x00000000eb400000,0x00000000f6c80000)
  from space 12288K, 77% used [0x00000000f7900000,0x00000000f8259aa0,0x00000000f8500000)
  to   space 12800K, 0% used [0x00000000f6c80000,0x00000000f6c80000,0x00000000f7900000)
 ParOldGen       total 31744K, used 16345K [0x00000000c1c00000, 0x00000000c3b00000, 0x00000000eb400000)
  object space 31744K, 51% used [0x00000000c1c00000,0x00000000c2bf6770,0x00000000c3b00000)
 Metaspace       used 34510K, capacity 35106K, committed 35416K, reserved 1079296K
  class space    used 4749K, capacity 4930K, committed 4952K, reserved 1048576K
}
Event: 28.041 GC heap before
{Heap before GC invocations=12 (full 2):
 PSYoungGen      total 201216K, used 9574K [0x00000000eb400000, 0x00000000f8c80000, 0x0000000100000000)
  eden space 188928K, 0% used [0x00000000eb400000,0x00000000eb400000,0x00000000f6c80000)
  from space 12288K, 77% used [0x00000000f7900000,0x00000000f8259aa0,0x00000000f8500000)
  to   space 12800K, 0% used [0x00000000f6c80000,0x00000000f6c80000,0x00000000f7900000)
 ParOldGen       total 31744K, used 16345K [0x00000000c1c00000, 0x00000000c3b00000, 0x00000000eb400000)
  object space 31744K, 51% used [0x00000000c1c00000,0x00000000c2bf6770,0x00000000c3b00000)
 Metaspace       used 34510K, capacity 35106K, committed 35416K, reserved 1079296K
  class space    used 4749K, capacity 4930K, committed 4952K, reserved 1048576K
Event: 28.556 GC heap after
Heap after GC invocations=12 (full 2):
 PSYoungGen      total 201216K, used 0K [0x00000000eb400000, 0x00000000f8c80000, 0x0000000100000000)
  eden space 188928K, 0% used [0x00000000eb400000,0x00000000eb400000,0x00000000f6c80000)
  from space 12288K, 0% used [0x00000000f7900000,0x00000000f7900000,0x00000000f8500000)
  to   space 12800K, 0% used [0x00000000f6c80000,0x00000000f6c80000,0x00000000f7900000)
 ParOldGen       total 51712K, used 23841K [0x00000000c1c00000, 0x00000000c4e80000, 0x00000000eb400000)
  object space 51712K, 46% used [0x00000000c1c00000,0x00000000c3348628,0x00000000c4e80000)
 Metaspace       used 34510K, capacity 35106K, committed 35416K, reserved 1079296K
  class space    used 4749K, capacity 4930K, committed 4952K, reserved 1048576K
}
Event: 42.724 GC heap before
{Heap before GC invocations=13 (full 2):
 PSYoungGen      total 201216K, used 188928K [0x00000000eb400000, 0x00000000f8c80000, 0x0000000100000000)
  eden space 188928K, 100% used [0x00000000eb400000,0x00000000f6c80000,0x00000000f6c80000)
  from space 12288K, 0% used [0x00000000f7900000,0x00000000f7900000,0x00000000f8500000)
  to   space 12800K, 0% used [0x00000000f6c80000,0x00000000f6c80000,0x00000000f7900000)
 ParOldGen       total 51712K, used 23841K [0x00000000c1c00000, 0x00000000c4e80000, 0x00000000eb400000)
  object space 51712K, 46% used [0x00000000c1c00000,0x00000000c3348628,0x00000000c4e80000)
 Metaspace       used 44397K, capacity 45484K, committed 45656K, reserved 1089536K
  class space    used 6171K, capacity 6485K, committed 6488K, reserved 1048576K
Event: 42.799 GC heap after
Heap after GC invocations=13 (full 2):
 PSYoungGen      total 201728K, used 12786K [0x00000000eb400000, 0x00000000fde00000, 0x0000000100000000)
  eden space 188928K, 0% used [0x00000000eb400000,0x00000000eb400000,0x00000000f6c80000)
  from space 12800K, 99% used [0x00000000f6c80000,0x00000000f78fca30,0x00000000f7900000)
  to   space 15360K, 0% used [0x00000000fcf00000,0x00000000fcf00000,0x00000000fde00000)
 ParOldGen       total 51712K, used 25310K [0x00000000c1c00000, 0x00000000c4e80000, 0x00000000eb400000)
  object space 51712K, 48% used [0x00000000c1c00000,0x00000000c34b78f8,0x00000000c4e80000)
 Metaspace       used 44397K, capacity 45484K, committed 45656K, reserved 1089536K
  class space    used 6171K, capacity 6485K, committed 6488K, reserved 1048576K
}

